******************************
  Logarithmic Binning Log-File
******************************
Input files: croped_*.txt
Output files: cropedm_*.txt
Files from 0 to 264
Rebinning step size: 0.75

__________________________________________________
 Thu Jul 19 09:16:14 2018


Input files: croped_*.txt
Output files: cropedm_*.txt
Files from 0 to 264
Rebinning step size: 0.75

__________________________________________________
 Thu Jul 19 09:18:12 2018


Input files: croped_*.txt
Output files: cropedm_*.txt
Files from 0 to 264
Rebinning step size: 0.75
Use wavelength range; lower: 6545.05; upper: 6583.95
Use custom step size: 1.65886e-06
Step size in velocity: 1.14511 km/s
